c:\users\zeesh\documents\template2023\template2023\opengltemplate\x64\debug\vc143.pdb
c:\users\zeesh\documents\template2023\template2023\opengltemplate\x64\debug\vc143.idb
c:\users\zeesh\documents\template2023\template2023\opengltemplate\x64\debug\vertexbufferobjectindexed.obj
c:\users\zeesh\documents\template2023\template2023\opengltemplate\x64\debug\vertexbufferobject.obj
c:\users\zeesh\documents\template2023\template2023\opengltemplate\x64\debug\texture.obj
c:\users\zeesh\documents\template2023\template2023\opengltemplate\x64\debug\sphere.obj
c:\users\zeesh\documents\template2023\template2023\opengltemplate\x64\debug\skybox.obj
c:\users\zeesh\documents\template2023\template2023\opengltemplate\x64\debug\shaders.obj
c:\users\zeesh\documents\template2023\template2023\opengltemplate\x64\debug\plane.obj
c:\users\zeesh\documents\template2023\template2023\opengltemplate\x64\debug\openassetimportmesh.obj
c:\users\zeesh\documents\template2023\template2023\opengltemplate\x64\debug\matrixstack.obj
c:\users\zeesh\documents\template2023\template2023\opengltemplate\x64\debug\highresolutiontimer.obj
c:\users\zeesh\documents\template2023\template2023\opengltemplate\x64\debug\gamewindow.obj
c:\users\zeesh\documents\template2023\template2023\opengltemplate\x64\debug\game.obj
c:\users\zeesh\documents\template2023\template2023\opengltemplate\x64\debug\freetypefont.obj
c:\users\zeesh\documents\template2023\template2023\opengltemplate\x64\debug\cubemap.obj
c:\users\zeesh\documents\template2023\template2023\opengltemplate\x64\debug\camera.obj
c:\users\zeesh\documents\template2023\template2023\opengltemplate\x64\debug\audio.obj
c:\users\zeesh\documents\template2023\template2023\opengltemplate\x64\debug\tetrahedron.obj
c:\users\zeesh\documents\template2023\template2023\opengltemplate\x64\debug\cube.obj
c:\users\zeesh\documents\template2023\template2023\opengltemplate\x64\debug\catmullrom.obj
c:\users\zeesh\documents\template2023\template2023\x64\debug\opengltemplate.lib
c:\users\zeesh\documents\template2023\template2023\x64\debug\opengltemplate.exp
c:\users\zeesh\documents\template2023\template2023\x64\debug\opengltemplate.exe
c:\users\zeesh\documents\template2023\template2023\opengltemplate\x64\debug\opengltemplate.ilk
c:\users\zeesh\documents\template2023\template2023\x64\debug\opengltemplate.pdb
c:\users\zeesh\documents\template2023\template2023\opengltemplate\x64\debug\opengltemplate.tlog\cl.command.1.tlog
c:\users\zeesh\documents\template2023\template2023\opengltemplate\x64\debug\opengltemplate.tlog\cl.read.1.tlog
c:\users\zeesh\documents\template2023\template2023\opengltemplate\x64\debug\opengltemplate.tlog\cl.write.1.tlog
c:\users\zeesh\documents\template2023\template2023\opengltemplate\x64\debug\opengltemplate.tlog\link.command.1.tlog
c:\users\zeesh\documents\template2023\template2023\opengltemplate\x64\debug\opengltemplate.tlog\link.read.1.tlog
c:\users\zeesh\documents\template2023\template2023\opengltemplate\x64\debug\opengltemplate.tlog\link.write.1.tlog
c:\users\zeesh\documents\template2023\template2023\opengltemplate\x64\debug\opengltemplate.tlog\link.write.2u.tlog
